2020-07-12 12:29:22,964 :INFO : test_orderpage :User is verifying orderpage title
2020-07-12 12:29:28,651 :INFO : test_orderpage :Page Title: Hello. What can we help you with?
2020-07-12 12:30:19,663 :INFO : test_orderpage :User is verifying orderpage title
2020-07-12 12:30:25,083 :INFO : test_orderpage :Page Title: Hello. What can we help you with?
2020-07-12 12:34:29,308 :INFO : test_orderpage :User is verifying orderpage title
2020-07-12 12:34:34,803 :INFO : test_orderpage :Page Title: Hello. What can we help you with?
2020-07-12 12:34:34,804 :ERROR : test_orderpage :NUMBER CANT DIVIDE BT ZERO
2020-07-12 12:36:39,076 :INFO : test_orderpage :User is verifying orderpage title
2020-07-12 12:36:44,577 :INFO : test_orderpage :Page Title: Hello. What can we help you with?
2020-07-12 12:36:44,578 :ERROR : test_orderpage :NUMBER CANT DIVIDE BT ZERO
2020-07-12 12:52:29,302 :INFO : test_orderpage_A :User is verifying orderpage title
2020-07-12 12:52:34,654 :INFO : test_orderpage_A :Page Title: Hello. What can we help you with?
2020-07-12 12:52:34,655 :ERROR : test_orderpage_A :NUMBER CANT DIVIDE BT ZERO
2020-07-12 12:53:07,107 :INFO : test_orderpage_A :User is verifying orderpage title
2020-07-12 12:53:12,796 :INFO : test_orderpage_A :Page Title: Hello. What can we help you with?
2020-07-12 12:53:12,797 :ERROR : test_orderpage_A :NUMBER CANT DIVIDE BT ZERO
2020-07-12 12:55:14,960 :INFO : test_orderpage_A :User is verifying orderpage title
2020-07-12 12:55:20,436 :INFO : test_orderpage_A :Page Title: Hello. What can we help you with?
2020-07-12 12:55:20,436 :ERROR : test_orderpage_A :NUMBER CANT DIVIDE BT ZERO
2020-07-12 12:55:25,430 :INFO : test_orderpage_A :User is verifying orderpage title
2020-07-12 12:55:25,430 :INFO : test_orderpage_A :User is verifying orderpage title
2020-07-12 12:56:56,779 :INFO : test_orderpage_A :User is verifying orderpage title
2020-07-12 12:57:02,009 :INFO : test_orderpage_A :Page Title: Hello. What can we help you with?
2020-07-12 12:57:02,009 :ERROR : test_orderpage_A :NUMBER CANT DIVIDE BT ZERO
2020-07-12 12:57:07,204 :INFO : test_orderpage_A :User is verifying orderpage title
2020-07-12 12:57:07,204 :INFO : test_orderpage_A :User is verifying orderpage title
2020-07-12 12:57:14,366 :INFO : test_orderpage_A :User is verifying orderpage title
2020-07-12 12:57:14,366 :INFO : test_orderpage_A :User is verifying orderpage title
2020-07-12 12:57:14,366 :INFO : test_orderpage_A :User is verifying orderpage title
2020-07-12 12:57:42,316 :INFO : test_orderpage_A :User is verifying orderpage title
2020-07-12 12:57:47,485 :INFO : test_orderpage_A :Page Title: Hello. What can we help you with?
2020-07-12 12:57:47,487 :ERROR : test_orderpage_A :NUMBER CANT DIVIDE BT ZERO
2020-07-12 12:57:51,941 :INFO : test_orderpage_A :User is verifying orderpage title
2020-07-12 12:57:51,941 :INFO : test_orderpage_A :User is verifying orderpage title
2020-07-12 12:57:59,322 :INFO : test_orderpage_A :User is verifying orderpage title
2020-07-12 12:57:59,322 :INFO : test_orderpage_A :User is verifying orderpage title
2020-07-12 12:57:59,322 :INFO : test_orderpage_A :User is verifying orderpage title
2020-07-12 12:59:19,833 :INFO : test_orderpage_A :User is verifying orderpage title
2020-07-12 12:59:25,046 :INFO : test_orderpage_A :Page Title: Hello. What can we help you with?
2020-07-12 12:59:25,047 :ERROR : test_orderpage_A :NUMBER CANT DIVIDE BT ZERO
2020-07-12 13:00:45,011 :INFO : test_orderpage_A :User is verifying orderpage title
2020-07-12 13:00:50,215 :INFO : test_orderpage_A :Page Title: Hello. What can we help you with?
2020-07-12 13:00:50,215 :ERROR : test_orderpage_A :NUMBER CANT DIVIDE BT ZERO
2020-07-12 13:05:01,569 :INFO : test_orderpage_A :User is verifying orderpage title
2020-07-12 13:05:08,469 :INFO : test_orderpage_A :User is verifying orderpage title
2020-07-12 13:05:08,469 :INFO : test_orderpage_A :User is verifying orderpage title
